<?xml version="1.0" encoding="UTF-8"?>
<!-- Generated by org.testng.reporters.JUnitXMLReporter -->
<testsuite ignored="0" hostname="DESKTOP-UCB94NT" failures="0" tests="4" name="Default test" time="0.072" errors="0" timestamp="2022-08-24T19:53:42 IST">
  <testcase classname="testngIntro.t1" name="abc" time="0.014"/>
  <testcase classname="testngIntro.t1" name="m1" time="0.001"/>
  <testcase classname="testngIntro.t1" name="nmb" time="0.001"/>
  <testcase classname="testngIntro.t1" name="uyt" time="0.001"/>
</testsuite> <!-- Default test -->
